Copyright 1986-2020 Xilinx, Inc. All Rights Reserved.
-------------------------------------------------------------------------------------------------------------------------------
| Tool Version     : Vivado v.2020.1 (win64) Build 2902540 Wed May 27 19:54:49 MDT 2020
| Date             : Tue May 30 10:06:55 2023
| Host             : LAPTOP-E2Q2CP8R running 64-bit major release  (build 9200)
| Command          : report_power -file TOP_power_routed.rpt -pb TOP_power_summary_routed.pb -rpx TOP_power_routed.rpx
| Design           : TOP
| Device           : xc7a35tcpg236-1
| Design State     : routed
| Grade            : commercial
| Process          : typical
| Characterization : Production
-------------------------------------------------------------------------------------------------------------------------------

Power Report

Table of Contents
-----------------
1. Summary
1.1 On-Chip Components
1.2 Power Supply Summary
1.3 Confidence Level
2. Settings
2.1 Environment
2.2 Clock Constraints
3. Detailed Reports
3.1 By Hierarchy

1. Summary
----------

+--------------------------+------------------------------------+
| Total On-Chip Power (W)  | 2244.327 (Junction temp exceeded!) |
| Design Power Budget (W)  | Unspecified*                       |
| Power Budget Margin (W)  | NA                                 |
| Dynamic (W)              | 2243.841                           |
| Device Static (W)        | 0.486                              |
| Effective TJA (C/W)      | 5.0                                |
| Max Ambient (C)          | 0.0                                |
| Junction Temperature (C) | 125.0                              |
| Confidence Level         | Low                                |
| Setting File             | ---                                |
| Simulation Activity File | ---                                |
| Design Nets Matched      | NA                                 |
+--------------------------+------------------------------------+
* Specify Design Power Budget using, set_operating_conditions -design_power_budget <value in Watts>


1.1 On-Chip Components
----------------------

+----------------+-----------+----------+-----------+-----------------+
| On-Chip        | Power (W) | Used     | Available | Utilization (%) |
+----------------+-----------+----------+-----------+-----------------+
| Slice Logic    |  1195.463 |     9814 |       --- |             --- |
|   LUT as Logic |  1176.875 |     7158 |     20800 |           34.41 |
|   F7/F8 Muxes  |    18.521 |     2241 |     32600 |            6.87 |
|   Register     |     0.048 |      320 |     41600 |            0.77 |
|   BUFG         |     0.012 |        2 |        32 |            6.25 |
|   CARRY4       |     0.007 |        4 |      8150 |            0.05 |
|   Others       |     0.000 |        6 |       --- |             --- |
| Signals        |  1047.055 |     5361 |       --- |             --- |
| I/O            |     1.323 |        5 |       106 |            4.72 |
| Static Power   |     0.486 |          |           |                 |
| Total          |  2244.327 |          |           |                 |
+----------------+-----------+----------+-----------+-----------------+


1.2 Power Supply Summary
------------------------

+-----------+-------------+-----------+-------------+------------+-------------+-------------+------------+
| Source    | Voltage (V) | Total (A) | Dynamic (A) | Static (A) | Powerup (A) | Budget (A)  | Margin (A) |
+-----------+-------------+-----------+-------------+------------+-------------+-------------+------------+
| Vccint    |       1.000 |  2242.875 |    2242.534 |      0.341 |       NA    | Unspecified | NA         |
| Vccaux    |       1.800 |     0.101 |       0.048 |      0.053 |       NA    | Unspecified | NA         |
| Vcco33    |       3.300 |     0.371 |       0.370 |      0.001 |       NA    | Unspecified | NA         |
| Vcco25    |       2.500 |     0.000 |       0.000 |      0.000 |       NA    | Unspecified | NA         |
| Vcco18    |       1.800 |     0.000 |       0.000 |      0.000 |       NA    | Unspecified | NA         |
| Vcco15    |       1.500 |     0.000 |       0.000 |      0.000 |       NA    | Unspecified | NA         |
| Vcco135   |       1.350 |     0.000 |       0.000 |      0.000 |       NA    | Unspecified | NA         |
| Vcco12    |       1.200 |     0.000 |       0.000 |      0.000 |       NA    | Unspecified | NA         |
| Vccaux_io |       1.800 |     0.000 |       0.000 |      0.000 |       NA    | Unspecified | NA         |
| Vccbram   |       1.000 |     0.010 |       0.000 |      0.010 |       NA    | Unspecified | NA         |
| MGTAVcc   |       1.000 |     0.000 |       0.000 |      0.000 |       NA    | Unspecified | NA         |
| MGTAVtt   |       1.200 |     0.000 |       0.000 |      0.000 |       NA    | Unspecified | NA         |
| Vccadc    |       1.800 |     0.020 |       0.000 |      0.020 |       NA    | Unspecified | NA         |
+-----------+-------------+-----------+-------------+------------+-------------+-------------+------------+


1.3 Confidence Level
--------------------

+-----------------------------+------------+--------------------------------------------------------+--------------------------------------------------------------------------------------------------------------------+
| User Input Data             | Confidence | Details                                                | Action                                                                                                             |
+-----------------------------+------------+--------------------------------------------------------+--------------------------------------------------------------------------------------------------------------------+
| Design implementation state | High       | Design is routed                                       |                                                                                                                    |
| Clock nodes activity        | Low        | User specified less than 75% of clocks                 | Provide missing clock activity with a constraint file, simulation results or by editing the "By Clock Domain" view |
| I/O nodes activity          | Low        | More than 75% of inputs are missing user specification | Provide missing input activity with simulation results or by editing the "By Resource Type -> I/Os" view           |
| Internal nodes activity     | Medium     | User specified less than 25% of internal nodes         | Provide missing internal nodes activity with simulation results or by editing the "By Resource Type" views         |
| Device models               | High       | Device models are Production                           |                                                                                                                    |
|                             |            |                                                        |                                                                                                                    |
| Overall confidence level    | Low        |                                                        |                                                                                                                    |
+-----------------------------+------------+--------------------------------------------------------+--------------------------------------------------------------------------------------------------------------------+


2. Settings
-----------

2.1 Environment
---------------

+-----------------------+--------------------------+
| Ambient Temp (C)      | 25.0                     |
| ThetaJA (C/W)         | 5.0                      |
| Airflow (LFM)         | 250                      |
| Heat Sink             | medium (Medium Profile)  |
| ThetaSA (C/W)         | 4.6                      |
| Board Selection       | medium (10"x10")         |
| # of Board Layers     | 12to15 (12 to 15 Layers) |
| Board Temperature (C) | 25.0                     |
+-----------------------+--------------------------+


2.2 Clock Constraints
---------------------

+-------+--------+-----------------+
| Clock | Domain | Constraint (ns) |
+-------+--------+-----------------+


3. Detailed Reports
-------------------

3.1 By Hierarchy
----------------

+--------------------+-----------+
| Name               | Power (W) |
+--------------------+-----------+
| TOP                |  2243.841 |
|   encrypt          |   280.041 |
|     round10        |    37.203 |
|       s            |    37.203 |
|     round11        |    31.864 |
|       k            |    14.983 |
|       s            |    16.881 |
|     round2         |     0.366 |
|       s            |     0.366 |
|     round3         |     6.556 |
|       s            |     6.556 |
|     round4         |    21.385 |
|       s            |    21.385 |
|     round5         |    38.042 |
|       s            |    38.042 |
|     round6         |    37.285 |
|       s            |    37.285 |
|     round7         |    35.773 |
|       s            |    35.773 |
|     round8         |    37.074 |
|       s            |    37.074 |
|     round9         |    34.492 |
|       s            |    34.492 |
|   keyboard_int     |  1961.660 |
|     ps2_keyboard_0 |     0.417 |
|   transmission     |     0.722 |
+--------------------+-----------+


