#-----------------------------------------------------------
# Vivado v2020.1 (64-bit)
# SW Build 2902540 on Wed May 27 19:54:49 MDT 2020
# IP Build 2902112 on Wed May 27 22:43:36 MDT 2020
# Start of session at: Tue May 30 10:19:26 2023
# Process ID: 26296
# Current directory: C:/Users/User/Desktop/project_A/project_A
# Command line: vivado.exe -gui_launcher_event rodinguilauncherevent23456 C:\Users\User\Desktop\project_A\project_A\project_A.xpr
# Log file: C:/Users/User/Desktop/project_A/project_A/vivado.log
# Journal file: C:/Users/User/Desktop/project_A/project_A\vivado.jou
#-----------------------------------------------------------
start_gui
open_project C:/Users/User/Desktop/project_A/project_A/project_A.xpr
Scanning sources...
Finished scanning sources
INFO: [IP_Flow 19-234] Refreshing IP repositories
INFO: [IP_Flow 19-1704] No user IP repositories specified
INFO: [IP_Flow 19-2313] Loaded Vivado IP repository 'C:/Xilinx/Vivado/2020.1/data/ip'.
update_compile_order -fileset sources_1
reset_run impl_1 -prev_step 
launch_runs impl_1 -to_step write_bitstream -jobs 12
[Tue May 30 10:19:55 2023] Launched impl_1...
Run output will be captured here: C:/Users/User/Desktop/project_A/project_A/project_A.runs/impl_1/runme.log
open_hw_manager
connect_hw_server -allow_non_jtag
INFO: [Labtools 27-2285] Connecting to hw_server url TCP:localhost:3121
INFO: [Labtools 27-2222] Launching hw_server...
INFO: [Labtools 27-2221] Launch Output:

****** Xilinx hw_server v2020.1
  **** Build date : May 27 2020 at 20:24:38
    ** Copyright 1986-2020 Xilinx, Inc. All Rights Reserved.


INFO: [Labtools 27-3415] Connecting to cs_server url TCP:localhost:3042
INFO: [Labtools 27-3417] Launching cs_server...
INFO: [Labtools 27-2221] Launch Output:


****** Xilinx cs_server v2020.1.0
  **** Build date : May 14 2020-04:10:29
    ** Copyright 2017-2020 Xilinx, Inc. All Rights Reserved.



connect_hw_server: Time (s): cpu = 00:00:01 ; elapsed = 00:00:07 . Memory (MB): peak = 1036.137 ; gain = 0.000
open_hw_target
INFO: [Labtoolstcl 44-466] Opening hw_target localhost:3121/xilinx_tcf/Digilent/210183A37AD6A
set_property PROGRAM.FILE {C:/Users/User/Desktop/project_A/project_A/project_A.runs/impl_1/TOP.bit} [get_hw_devices xc7a35t_0]
current_hw_device [get_hw_devices xc7a35t_0]
refresh_hw_device -update_hw_probes false [lindex [get_hw_devices xc7a35t_0] 0]
INFO: [Labtools 27-1434] Device xc7a35t (JTAG device index = 0) is programmed with a design that has no supported debug core(s) in it.
set_property PROBES.FILE {} [get_hw_devices xc7a35t_0]
set_property FULL_PROBES.FILE {} [get_hw_devices xc7a35t_0]
set_property PROGRAM.FILE {C:/Users/User/Desktop/project_A/project_A/project_A.runs/impl_1/TOP.bit} [get_hw_devices xc7a35t_0]
program_hw_devices [get_hw_devices xc7a35t_0]
INFO: [Labtools 27-3164] End of startup status: HIGH
refresh_hw_device [lindex [get_hw_devices xc7a35t_0] 0]
INFO: [Labtools 27-1434] Device xc7a35t (JTAG device index = 0) is programmed with a design that has no supported debug core(s) in it.
set_property PROBES.FILE {} [get_hw_devices xc7a35t_0]
set_property FULL_PROBES.FILE {} [get_hw_devices xc7a35t_0]
set_property PROGRAM.FILE {C:/Users/User/Desktop/project_A/project_A/project_A.runs/impl_1/TOP.bit} [get_hw_devices xc7a35t_0]
program_hw_devices [get_hw_devices xc7a35t_0]
INFO: [Labtools 27-3164] End of startup status: HIGH
refresh_hw_device [lindex [get_hw_devices xc7a35t_0] 0]
INFO: [Labtools 27-1434] Device xc7a35t (JTAG device index = 0) is programmed with a design that has no supported debug core(s) in it.
ERROR: [Labtoolstcl 44-513] HW Target shutdown. Closing target: localhost:3121/xilinx_tcf/Digilent/210183A37AD6A
synth_design -rtl -name rtl_1
Command: synth_design -rtl -name rtl_1
Starting synth_design
Using part: xc7a35tcpg236-1
Top: TOP
INFO: [Device 21-403] Loading part xc7a35tcpg236-1
---------------------------------------------------------------------------------
Starting RTL Elaboration : Time (s): cpu = 00:00:03 ; elapsed = 00:00:05 . Memory (MB): peak = 2845.785 ; gain = 244.812
---------------------------------------------------------------------------------
INFO: [Synth 8-638] synthesizing module 'TOP' [C:/Users/User/Desktop/project_A/project_A/project_A.srcs/sources_1/new/TOP.vhd:33]
	Parameter clk_freq bound to: 100000000 - type: integer 
	Parameter ps2_debounce_counter_size bound to: 9 - type: integer 
INFO: [Synth 8-3491] module 'ps2_keyboard_to_ascii' declared at 'C:/Users/User/Desktop/project_A/project_A/project_A.srcs/sources_1/new/ps2_keyboard_to_ascii.vhd:26' bound to instance 'keyboard_int' of component 'ps2_keyboard_to_ascii' [C:/Users/User/Desktop/project_A/project_A/project_A.srcs/sources_1/new/TOP.vhd:74]
INFO: [Synth 8-638] synthesizing module 'ps2_keyboard_to_ascii' [C:/Users/User/Desktop/project_A/project_A/project_A.srcs/sources_1/new/ps2_keyboard_to_ascii.vhd:37]
	Parameter clk_freq bound to: 100000000 - type: integer 
	Parameter ps2_debounce_counter_size bound to: 9 - type: integer 
WARNING: [Synth 8-613] shared variable will be implemented as local to architecture [C:/Users/User/Desktop/project_A/project_A/project_A.srcs/sources_1/new/ps2_keyboard_to_ascii.vhd:53]
	Parameter clk_freq bound to: 100000000 - type: integer 
	Parameter debounce_counter_size bound to: 9 - type: integer 
INFO: [Synth 8-3491] module 'ps2_keyboard' declared at 'C:/Users/User/Desktop/project_A/project_A/project_A.srcs/sources_1/new/ps2_keyboard.vhd:23' bound to instance 'ps2_keyboard_0' of component 'ps2_keyboard' [C:/Users/User/Desktop/project_A/project_A/project_A.srcs/sources_1/new/ps2_keyboard_to_ascii.vhd:73]
INFO: [Synth 8-638] synthesizing module 'ps2_keyboard' [C:/Users/User/Desktop/project_A/project_A/project_A.srcs/sources_1/new/ps2_keyboard.vhd:36]
	Parameter clk_freq bound to: 100000000 - type: integer 
	Parameter debounce_counter_size bound to: 9 - type: integer 
INFO: [Synth 8-256] done synthesizing module 'ps2_keyboard' (1#1) [C:/Users/User/Desktop/project_A/project_A/project_A.srcs/sources_1/new/ps2_keyboard.vhd:36]
INFO: [Synth 8-256] done synthesizing module 'ps2_keyboard_to_ascii' (2#1) [C:/Users/User/Desktop/project_A/project_A/project_A.srcs/sources_1/new/ps2_keyboard_to_ascii.vhd:37]
INFO: [Synth 8-3491] module 'encryption' declared at 'C:/Users/User/Desktop/project_A/project_A/project_A.srcs/sources_1/new/encryption.vhd:34' bound to instance 'encrypt' of component 'encryption' [C:/Users/User/Desktop/project_A/project_A/project_A.srcs/sources_1/new/TOP.vhd:81]
INFO: [Synth 8-638] synthesizing module 'encryption' [C:/Users/User/Desktop/project_A/project_A/project_A.srcs/sources_1/new/encryption.vhd:40]
	Parameter index bound to: 1407 - type: integer 
INFO: [Synth 8-3491] module 'addkey' declared at 'C:/Users/User/Desktop/project_A/project_A/project_A.srcs/sources_1/new/addkey.vhd:5' bound to instance 'round1' of component 'addkey' [C:/Users/User/Desktop/project_A/project_A/project_A.srcs/sources_1/new/encryption.vhd:77]
INFO: [Synth 8-638] synthesizing module 'addkey' [C:/Users/User/Desktop/project_A/project_A/project_A.srcs/sources_1/new/addkey.vhd:13]
	Parameter index bound to: 1407 - type: integer 
INFO: [Synth 8-256] done synthesizing module 'addkey' (3#1) [C:/Users/User/Desktop/project_A/project_A/project_A.srcs/sources_1/new/addkey.vhd:13]
	Parameter index bound to: 1279 - type: integer 
INFO: [Synth 8-3491] module 'mainRound' declared at 'C:/Users/User/Desktop/project_A/project_A/project_A.srcs/sources_1/new/mainRound.vhd:34' bound to instance 'round2' of component 'mainRound' [C:/Users/User/Desktop/project_A/project_A/project_A.srcs/sources_1/new/encryption.vhd:78]
INFO: [Synth 8-638] synthesizing module 'mainRound' [C:/Users/User/Desktop/project_A/project_A/project_A.srcs/sources_1/new/mainRound.vhd:42]
	Parameter index bound to: 1279 - type: integer 
INFO: [Synth 8-3491] module 'subbyte' declared at 'C:/Users/User/Desktop/project_A/project_A/project_A.srcs/sources_1/new/subbyte.vhd:13' bound to instance 's' of component 'subbyte' [C:/Users/User/Desktop/project_A/project_A/project_A.srcs/sources_1/new/mainRound.vhd:76]
INFO: [Synth 8-638] synthesizing module 'subbyte' [C:/Users/User/Desktop/project_A/project_A/project_A.srcs/sources_1/new/subbyte.vhd:18]
INFO: [Synth 8-3491] module 'sbox' declared at 'C:/Users/User/Desktop/project_A/project_A/project_A.srcs/sources_1/new/sbox.vhd:4' bound to instance 'subb' of component 'sbox' [C:/Users/User/Desktop/project_A/project_A/project_A.srcs/sources_1/new/subbyte.vhd:38]
INFO: [Synth 8-638] synthesizing module 'sbox' [C:/Users/User/Desktop/project_A/project_A/project_A.srcs/sources_1/new/sbox.vhd:9]
INFO: [Synth 8-226] default block is never used [C:/Users/User/Desktop/project_A/project_A/project_A.srcs/sources_1/new/sbox.vhd:16]
INFO: [Synth 8-256] done synthesizing module 'sbox' (4#1) [C:/Users/User/Desktop/project_A/project_A/project_A.srcs/sources_1/new/sbox.vhd:9]
INFO: [Synth 8-3491] module 'sbox' declared at 'C:/Users/User/Desktop/project_A/project_A/project_A.srcs/sources_1/new/sbox.vhd:4' bound to instance 'subb' of component 'sbox' [C:/Users/User/Desktop/project_A/project_A/project_A.srcs/sources_1/new/subbyte.vhd:38]
INFO: [Synth 8-3491] module 'sbox' declared at 'C:/Users/User/Desktop/project_A/project_A/project_A.srcs/sources_1/new/sbox.vhd:4' bound to instance 'subb' of component 'sbox' [C:/Users/User/Desktop/project_A/project_A/project_A.srcs/sources_1/new/subbyte.vhd:38]
INFO: [Synth 8-3491] module 'sbox' declared at 'C:/Users/User/Desktop/project_A/project_A/project_A.srcs/sources_1/new/sbox.vhd:4' bound to instance 'subb' of component 'sbox' [C:/Users/User/Desktop/project_A/project_A/project_A.srcs/sources_1/new/subbyte.vhd:38]
INFO: [Synth 8-3491] module 'sbox' declared at 'C:/Users/User/Desktop/project_A/project_A/project_A.srcs/sources_1/new/sbox.vhd:4' bound to instance 'subb' of component 'sbox' [C:/Users/User/Desktop/project_A/project_A/project_A.srcs/sources_1/new/subbyte.vhd:38]
INFO: [Synth 8-3491] module 'sbox' declared at 'C:/Users/User/Desktop/project_A/project_A/project_A.srcs/sources_1/new/sbox.vhd:4' bound to instance 'subb' of component 'sbox' [C:/Users/User/Desktop/project_A/project_A/project_A.srcs/sources_1/new/subbyte.vhd:38]
INFO: [Synth 8-3491] module 'sbox' declared at 'C:/Users/User/Desktop/project_A/project_A/project_A.srcs/sources_1/new/sbox.vhd:4' bound to instance 'subb' of component 'sbox' [C:/Users/User/Desktop/project_A/project_A/project_A.srcs/sources_1/new/subbyte.vhd:38]
INFO: [Synth 8-3491] module 'sbox' declared at 'C:/Users/User/Desktop/project_A/project_A/project_A.srcs/sources_1/new/sbox.vhd:4' bound to instance 'subb' of component 'sbox' [C:/Users/User/Desktop/project_A/project_A/project_A.srcs/sources_1/new/subbyte.vhd:38]
INFO: [Synth 8-3491] module 'sbox' declared at 'C:/Users/User/Desktop/project_A/project_A/project_A.srcs/sources_1/new/sbox.vhd:4' bound to instance 'subb' of component 'sbox' [C:/Users/User/Desktop/project_A/project_A/project_A.srcs/sources_1/new/subbyte.vhd:38]
INFO: [Synth 8-3491] module 'sbox' declared at 'C:/Users/User/Desktop/project_A/project_A/project_A.srcs/sources_1/new/sbox.vhd:4' bound to instance 'subb' of component 'sbox' [C:/Users/User/Desktop/project_A/project_A/project_A.srcs/sources_1/new/subbyte.vhd:38]
INFO: [Synth 8-3491] module 'sbox' declared at 'C:/Users/User/Desktop/project_A/project_A/project_A.srcs/sources_1/new/sbox.vhd:4' bound to instance 'subb' of component 'sbox' [C:/Users/User/Desktop/project_A/project_A/project_A.srcs/sources_1/new/subbyte.vhd:38]
INFO: [Synth 8-3491] module 'sbox' declared at 'C:/Users/User/Desktop/project_A/project_A/project_A.srcs/sources_1/new/sbox.vhd:4' bound to instance 'subb' of component 'sbox' [C:/Users/User/Desktop/project_A/project_A/project_A.srcs/sources_1/new/subbyte.vhd:38]
INFO: [Synth 8-3491] module 'sbox' declared at 'C:/Users/User/Desktop/project_A/project_A/project_A.srcs/sources_1/new/sbox.vhd:4' bound to instance 'subb' of component 'sbox' [C:/Users/User/Desktop/project_A/project_A/project_A.srcs/sources_1/new/subbyte.vhd:38]
INFO: [Synth 8-3491] module 'sbox' declared at 'C:/Users/User/Desktop/project_A/project_A/project_A.srcs/sources_1/new/sbox.vhd:4' bound to instance 'subb' of component 'sbox' [C:/Users/User/Desktop/project_A/project_A/project_A.srcs/sources_1/new/subbyte.vhd:38]
INFO: [Synth 8-3491] module 'sbox' declared at 'C:/Users/User/Desktop/project_A/project_A/project_A.srcs/sources_1/new/sbox.vhd:4' bound to instance 'subb' of component 'sbox' [C:/Users/User/Desktop/project_A/project_A/project_A.srcs/sources_1/new/subbyte.vhd:38]
INFO: [Synth 8-3491] module 'sbox' declared at 'C:/Users/User/Desktop/project_A/project_A/project_A.srcs/sources_1/new/sbox.vhd:4' bound to instance 'subb' of component 'sbox' [C:/Users/User/Desktop/project_A/project_A/project_A.srcs/sources_1/new/subbyte.vhd:38]
INFO: [Synth 8-256] done synthesizing module 'subbyte' (5#1) [C:/Users/User/Desktop/project_A/project_A/project_A.srcs/sources_1/new/subbyte.vhd:18]
INFO: [Synth 8-3491] module 'shiftrow' declared at 'C:/Users/User/Desktop/project_A/project_A/project_A.srcs/sources_1/new/shiftrow.vhd:4' bound to instance 'r' of component 'shiftrow' [C:/Users/User/Desktop/project_A/project_A/project_A.srcs/sources_1/new/mainRound.vhd:77]
INFO: [Synth 8-638] synthesizing module 'shiftrow' [C:/Users/User/Desktop/project_A/project_A/project_A.srcs/sources_1/new/shiftrow.vhd:9]
WARNING: [Synth 8-613] shared variable will be implemented as local to architecture [C:/Users/User/Desktop/project_A/project_A/project_A.srcs/sources_1/new/shiftrow.vhd:11]
INFO: [Synth 8-256] done synthesizing module 'shiftrow' (6#1) [C:/Users/User/Desktop/project_A/project_A/project_A.srcs/sources_1/new/shiftrow.vhd:9]
INFO: [Synth 8-3491] module 'mixcolumn' declared at 'C:/Users/User/Desktop/project_A/project_A/project_A.srcs/sources_1/new/mixcolumn.vhd:5' bound to instance 'm' of component 'mixcolumn' [C:/Users/User/Desktop/project_A/project_A/project_A.srcs/sources_1/new/mainRound.vhd:78]
INFO: [Synth 8-638] synthesizing module 'mixcolumn' [C:/Users/User/Desktop/project_A/project_A/project_A.srcs/sources_1/new/mixcolumn.vhd:10]
WARNING: [Synth 8-613] shared variable will be implemented as local to architecture [C:/Users/User/Desktop/project_A/project_A/project_A.srcs/sources_1/new/mixcolumn.vhd:13]
WARNING: [Synth 8-613] shared variable will be implemented as local to architecture [C:/Users/User/Desktop/project_A/project_A/project_A.srcs/sources_1/new/mixcolumn.vhd:13]
WARNING: [Synth 8-613] shared variable will be implemented as local to architecture [C:/Users/User/Desktop/project_A/project_A/project_A.srcs/sources_1/new/mixcolumn.vhd:13]
WARNING: [Synth 8-613] shared variable will be implemented as local to architecture [C:/Users/User/Desktop/project_A/project_A/project_A.srcs/sources_1/new/mixcolumn.vhd:13]
WARNING: [Synth 8-613] shared variable will be implemented as local to architecture [C:/Users/User/Desktop/project_A/project_A/project_A.srcs/sources_1/new/mixcolumn.vhd:13]
WARNING: [Synth 8-613] shared variable will be implemented as local to architecture [C:/Users/User/Desktop/project_A/project_A/project_A.srcs/sources_1/new/mixcolumn.vhd:13]
WARNING: [Synth 8-613] shared variable will be implemented as local to architecture [C:/Users/User/Desktop/project_A/project_A/project_A.srcs/sources_1/new/mixcolumn.vhd:13]
WARNING: [Synth 8-613] shared variable will be implemented as local to architecture [C:/Users/User/Desktop/project_A/project_A/project_A.srcs/sources_1/new/mixcolumn.vhd:13]
WARNING: [Synth 8-613] shared variable will be implemented as local to architecture [C:/Users/User/Desktop/project_A/project_A/project_A.srcs/sources_1/new/mixcolumn.vhd:13]
WARNING: [Synth 8-613] shared variable will be implemented as local to architecture [C:/Users/User/Desktop/project_A/project_A/project_A.srcs/sources_1/new/mixcolumn.vhd:13]
WARNING: [Synth 8-613] shared variable will be implemented as local to architecture [C:/Users/User/Desktop/project_A/project_A/project_A.srcs/sources_1/new/mixcolumn.vhd:13]
WARNING: [Synth 8-613] shared variable will be implemented as local to architecture [C:/Users/User/Desktop/project_A/project_A/project_A.srcs/sources_1/new/mixcolumn.vhd:13]
WARNING: [Synth 8-613] shared variable will be implemented as local to architecture [C:/Users/User/Desktop/project_A/project_A/project_A.srcs/sources_1/new/mixcolumn.vhd:13]
WARNING: [Synth 8-613] shared variable will be implemented as local to architecture [C:/Users/User/Desktop/project_A/project_A/project_A.srcs/sources_1/new/mixcolumn.vhd:13]
WARNING: [Synth 8-613] shared variable will be implemented as local to architecture [C:/Users/User/Desktop/project_A/project_A/project_A.srcs/sources_1/new/mixcolumn.vhd:13]
WARNING: [Synth 8-613] shared variable will be implemented as local to architecture [C:/Users/User/Desktop/project_A/project_A/project_A.srcs/sources_1/new/mixcolumn.vhd:13]
WARNING: [Synth 8-613] shared variable will be implemented as local to architecture [C:/Users/User/Desktop/project_A/project_A/project_A.srcs/sources_1/new/mixcolumn.vhd:14]
WARNING: [Synth 8-613] shared variable will be implemented as local to architecture [C:/Users/User/Desktop/project_A/project_A/project_A.srcs/sources_1/new/mixcolumn.vhd:14]
WARNING: [Synth 8-613] shared variable will be implemented as local to architecture [C:/Users/User/Desktop/project_A/project_A/project_A.srcs/sources_1/new/mixcolumn.vhd:14]
WARNING: [Synth 8-613] shared variable will be implemented as local to architecture [C:/Users/User/Desktop/project_A/project_A/project_A.srcs/sources_1/new/mixcolumn.vhd:14]
WARNING: [Synth 8-613] shared variable will be implemented as local to architecture [C:/Users/User/Desktop/project_A/project_A/project_A.srcs/sources_1/new/mixcolumn.vhd:14]
WARNING: [Synth 8-613] shared variable will be implemented as local to architecture [C:/Users/User/Desktop/project_A/project_A/project_A.srcs/sources_1/new/mixcolumn.vhd:14]
WARNING: [Synth 8-613] shared variable will be implemented as local to architecture [C:/Users/User/Desktop/project_A/project_A/project_A.srcs/sources_1/new/mixcolumn.vhd:14]
WARNING: [Synth 8-613] shared variable will be implemented as local to architecture [C:/Users/User/Desktop/project_A/project_A/project_A.srcs/sources_1/new/mixcolumn.vhd:14]
WARNING: [Synth 8-613] shared variable will be implemented as local to architecture [C:/Users/User/Desktop/project_A/project_A/project_A.srcs/sources_1/new/mixcolumn.vhd:14]
WARNING: [Synth 8-613] shared variable will be implemented as local to architecture [C:/Users/User/Desktop/project_A/project_A/project_A.srcs/sources_1/new/mixcolumn.vhd:14]
WARNING: [Synth 8-613] shared variable will be implemented as local to architecture [C:/Users/User/Desktop/project_A/project_A/project_A.srcs/sources_1/new/mixcolumn.vhd:14]
WARNING: [Synth 8-613] shared variable will be implemented as local to architecture [C:/Users/User/Desktop/project_A/project_A/project_A.srcs/sources_1/new/mixcolumn.vhd:14]
WARNING: [Synth 8-613] shared variable will be implemented as local to architecture [C:/Users/User/Desktop/project_A/project_A/project_A.srcs/sources_1/new/mixcolumn.vhd:14]
WARNING: [Synth 8-613] shared variable will be implemented as local to architecture [C:/Users/User/Desktop/project_A/project_A/project_A.srcs/sources_1/new/mixcolumn.vhd:14]
WARNING: [Synth 8-613] shared variable will be implemented as local to architecture [C:/Users/User/Desktop/project_A/project_A/project_A.srcs/sources_1/new/mixcolumn.vhd:14]
WARNING: [Synth 8-613] shared variable will be implemented as local to architecture [C:/Users/User/Desktop/project_A/project_A/project_A.srcs/sources_1/new/mixcolumn.vhd:14]
INFO: [Synth 8-256] done synthesizing module 'mixcolumn' (7#1) [C:/Users/User/Desktop/project_A/project_A/project_A.srcs/sources_1/new/mixcolumn.vhd:10]
	Parameter index bound to: 1279 - type: integer 
INFO: [Synth 8-3491] module 'addkey' declared at 'C:/Users/User/Desktop/project_A/project_A/project_A.srcs/sources_1/new/addkey.vhd:5' bound to instance 'k' of component 'addkey' [C:/Users/User/Desktop/project_A/project_A/project_A.srcs/sources_1/new/mainRound.vhd:79]
INFO: [Synth 8-638] synthesizing module 'addkey__parameterized1' [C:/Users/User/Desktop/project_A/project_A/project_A.srcs/sources_1/new/addkey.vhd:13]
	Parameter index bound to: 1279 - type: integer 
INFO: [Synth 8-256] done synthesizing module 'addkey__parameterized1' (7#1) [C:/Users/User/Desktop/project_A/project_A/project_A.srcs/sources_1/new/addkey.vhd:13]
INFO: [Synth 8-256] done synthesizing module 'mainRound' (8#1) [C:/Users/User/Desktop/project_A/project_A/project_A.srcs/sources_1/new/mainRound.vhd:42]
	Parameter index bound to: 1151 - type: integer 
INFO: [Synth 8-3491] module 'mainRound' declared at 'C:/Users/User/Desktop/project_A/project_A/project_A.srcs/sources_1/new/mainRound.vhd:34' bound to instance 'round3' of component 'mainRound' [C:/Users/User/Desktop/project_A/project_A/project_A.srcs/sources_1/new/encryption.vhd:79]
INFO: [Synth 8-638] synthesizing module 'mainRound__parameterized1' [C:/Users/User/Desktop/project_A/project_A/project_A.srcs/sources_1/new/mainRound.vhd:42]
	Parameter index bound to: 1151 - type: integer 
INFO: [Synth 8-3491] module 'subbyte' declared at 'C:/Users/User/Desktop/project_A/project_A/project_A.srcs/sources_1/new/subbyte.vhd:13' bound to instance 's' of component 'subbyte' [C:/Users/User/Desktop/project_A/project_A/project_A.srcs/sources_1/new/mainRound.vhd:76]
INFO: [Synth 8-3491] module 'shiftrow' declared at 'C:/Users/User/Desktop/project_A/project_A/project_A.srcs/sources_1/new/shiftrow.vhd:4' bound to instance 'r' of component 'shiftrow' [C:/Users/User/Desktop/project_A/project_A/project_A.srcs/sources_1/new/mainRound.vhd:77]
INFO: [Synth 8-3491] module 'mixcolumn' declared at 'C:/Users/User/Desktop/project_A/project_A/project_A.srcs/sources_1/new/mixcolumn.vhd:5' bound to instance 'm' of component 'mixcolumn' [C:/Users/User/Desktop/project_A/project_A/project_A.srcs/sources_1/new/mainRound.vhd:78]
	Parameter index bound to: 1151 - type: integer 
INFO: [Synth 8-3491] module 'addkey' declared at 'C:/Users/User/Desktop/project_A/project_A/project_A.srcs/sources_1/new/addkey.vhd:5' bound to instance 'k' of component 'addkey' [C:/Users/User/Desktop/project_A/project_A/project_A.srcs/sources_1/new/mainRound.vhd:79]
INFO: [Synth 8-638] synthesizing module 'addkey__parameterized3' [C:/Users/User/Desktop/project_A/project_A/project_A.srcs/sources_1/new/addkey.vhd:13]
	Parameter index bound to: 1151 - type: integer 
INFO: [Synth 8-256] done synthesizing module 'addkey__parameterized3' (8#1) [C:/Users/User/Desktop/project_A/project_A/project_A.srcs/sources_1/new/addkey.vhd:13]
INFO: [Synth 8-256] done synthesizing module 'mainRound__parameterized1' (8#1) [C:/Users/User/Desktop/project_A/project_A/project_A.srcs/sources_1/new/mainRound.vhd:42]
	Parameter index bound to: 1023 - type: integer 
INFO: [Synth 8-3491] module 'mainRound' declared at 'C:/Users/User/Desktop/project_A/project_A/project_A.srcs/sources_1/new/mainRound.vhd:34' bound to instance 'round4' of component 'mainRound' [C:/Users/User/Desktop/project_A/project_A/project_A.srcs/sources_1/new/encryption.vhd:80]
INFO: [Synth 8-638] synthesizing module 'mainRound__parameterized3' [C:/Users/User/Desktop/project_A/project_A/project_A.srcs/sources_1/new/mainRound.vhd:42]
	Parameter index bound to: 1023 - type: integer 
INFO: [Synth 8-3491] module 'subbyte' declared at 'C:/Users/User/Desktop/project_A/project_A/project_A.srcs/sources_1/new/subbyte.vhd:13' bound to instance 's' of component 'subbyte' [C:/Users/User/Desktop/project_A/project_A/project_A.srcs/sources_1/new/mainRound.vhd:76]
INFO: [Synth 8-3491] module 'shiftrow' declared at 'C:/Users/User/Desktop/project_A/project_A/project_A.srcs/sources_1/new/shiftrow.vhd:4' bound to instance 'r' of component 'shiftrow' [C:/Users/User/Desktop/project_A/project_A/project_A.srcs/sources_1/new/mainRound.vhd:77]
INFO: [Synth 8-3491] module 'mixcolumn' declared at 'C:/Users/User/Desktop/project_A/project_A/project_A.srcs/sources_1/new/mixcolumn.vhd:5' bound to instance 'm' of component 'mixcolumn' [C:/Users/User/Desktop/project_A/project_A/project_A.srcs/sources_1/new/mainRound.vhd:78]
	Parameter index bound to: 1023 - type: integer 
INFO: [Synth 8-3491] module 'addkey' declared at 'C:/Users/User/Desktop/project_A/project_A/project_A.srcs/sources_1/new/addkey.vhd:5' bound to instance 'k' of component 'addkey' [C:/Users/User/Desktop/project_A/project_A/project_A.srcs/sources_1/new/mainRound.vhd:79]
INFO: [Synth 8-638] synthesizing module 'addkey__parameterized5' [C:/Users/User/Desktop/project_A/project_A/project_A.srcs/sources_1/new/addkey.vhd:13]
	Parameter index bound to: 1023 - type: integer 
INFO: [Synth 8-256] done synthesizing module 'addkey__parameterized5' (8#1) [C:/Users/User/Desktop/project_A/project_A/project_A.srcs/sources_1/new/addkey.vhd:13]
INFO: [Synth 8-256] done synthesizing module 'mainRound__parameterized3' (8#1) [C:/Users/User/Desktop/project_A/project_A/project_A.srcs/sources_1/new/mainRound.vhd:42]
	Parameter index bound to: 895 - type: integer 
INFO: [Synth 8-3491] module 'mainRound' declared at 'C:/Users/User/Desktop/project_A/project_A/project_A.srcs/sources_1/new/mainRound.vhd:34' bound to instance 'round5' of component 'mainRound' [C:/Users/User/Desktop/project_A/project_A/project_A.srcs/sources_1/new/encryption.vhd:81]
INFO: [Synth 8-638] synthesizing module 'mainRound__parameterized5' [C:/Users/User/Desktop/project_A/project_A/project_A.srcs/sources_1/new/mainRound.vhd:42]
	Parameter index bound to: 895 - type: integer 
INFO: [Synth 8-3491] module 'subbyte' declared at 'C:/Users/User/Desktop/project_A/project_A/project_A.srcs/sources_1/new/subbyte.vhd:13' bound to instance 's' of component 'subbyte' [C:/Users/User/Desktop/project_A/project_A/project_A.srcs/sources_1/new/mainRound.vhd:76]
INFO: [Synth 8-3491] module 'shiftrow' declared at 'C:/Users/User/Desktop/project_A/project_A/project_A.srcs/sources_1/new/shiftrow.vhd:4' bound to instance 'r' of component 'shiftrow' [C:/Users/User/Desktop/project_A/project_A/project_A.srcs/sources_1/new/mainRound.vhd:77]
INFO: [Synth 8-3491] module 'mixcolumn' declared at 'C:/Users/User/Desktop/project_A/project_A/project_A.srcs/sources_1/new/mixcolumn.vhd:5' bound to instance 'm' of component 'mixcolumn' [C:/Users/User/Desktop/project_A/project_A/project_A.srcs/sources_1/new/mainRound.vhd:78]
	Parameter index bound to: 895 - type: integer 
INFO: [Synth 8-3491] module 'addkey' declared at 'C:/Users/User/Desktop/project_A/project_A/project_A.srcs/sources_1/new/addkey.vhd:5' bound to instance 'k' of component 'addkey' [C:/Users/User/Desktop/project_A/project_A/project_A.srcs/sources_1/new/mainRound.vhd:79]
INFO: [Synth 8-638] synthesizing module 'addkey__parameterized7' [C:/Users/User/Desktop/project_A/project_A/project_A.srcs/sources_1/new/addkey.vhd:13]
	Parameter index bound to: 895 - type: integer 
INFO: [Synth 8-256] done synthesizing module 'addkey__parameterized7' (8#1) [C:/Users/User/Desktop/project_A/project_A/project_A.srcs/sources_1/new/addkey.vhd:13]
INFO: [Synth 8-256] done synthesizing module 'mainRound__parameterized5' (8#1) [C:/Users/User/Desktop/project_A/project_A/project_A.srcs/sources_1/new/mainRound.vhd:42]
	Parameter index bound to: 767 - type: integer 
INFO: [Synth 8-3491] module 'mainRound' declared at 'C:/Users/User/Desktop/project_A/project_A/project_A.srcs/sources_1/new/mainRound.vhd:34' bound to instance 'round6' of component 'mainRound' [C:/Users/User/Desktop/project_A/project_A/project_A.srcs/sources_1/new/encryption.vhd:82]
INFO: [Synth 8-638] synthesizing module 'mainRound__parameterized7' [C:/Users/User/Desktop/project_A/project_A/project_A.srcs/sources_1/new/mainRound.vhd:42]
	Parameter index bound to: 767 - type: integer 
INFO: [Synth 8-3491] module 'subbyte' declared at 'C:/Users/User/Desktop/project_A/project_A/project_A.srcs/sources_1/new/subbyte.vhd:13' bound to instance 's' of component 'subbyte' [C:/Users/User/Desktop/project_A/project_A/project_A.srcs/sources_1/new/mainRound.vhd:76]
INFO: [Synth 8-3491] module 'shiftrow' declared at 'C:/Users/User/Desktop/project_A/project_A/project_A.srcs/sources_1/new/shiftrow.vhd:4' bound to instance 'r' of component 'shiftrow' [C:/Users/User/Desktop/project_A/project_A/project_A.srcs/sources_1/new/mainRound.vhd:77]
INFO: [Synth 8-3491] module 'mixcolumn' declared at 'C:/Users/User/Desktop/project_A/project_A/project_A.srcs/sources_1/new/mixcolumn.vhd:5' bound to instance 'm' of component 'mixcolumn' [C:/Users/User/Desktop/project_A/project_A/project_A.srcs/sources_1/new/mainRound.vhd:78]
	Parameter index bound to: 767 - type: integer 
INFO: [Synth 8-3491] module 'addkey' declared at 'C:/Users/User/Desktop/project_A/project_A/project_A.srcs/sources_1/new/addkey.vhd:5' bound to instance 'k' of component 'addkey' [C:/Users/User/Desktop/project_A/project_A/project_A.srcs/sources_1/new/mainRound.vhd:79]
INFO: [Synth 8-638] synthesizing module 'addkey__parameterized9' [C:/Users/User/Desktop/project_A/project_A/project_A.srcs/sources_1/new/addkey.vhd:13]
	Parameter index bound to: 767 - type: integer 
INFO: [Synth 8-256] done synthesizing module 'addkey__parameterized9' (8#1) [C:/Users/User/Desktop/project_A/project_A/project_A.srcs/sources_1/new/addkey.vhd:13]
INFO: [Synth 8-256] done synthesizing module 'mainRound__parameterized7' (8#1) [C:/Users/User/Desktop/project_A/project_A/project_A.srcs/sources_1/new/mainRound.vhd:42]
	Parameter index bound to: 639 - type: integer 
INFO: [Synth 8-3491] module 'mainRound' declared at 'C:/Users/User/Desktop/project_A/project_A/project_A.srcs/sources_1/new/mainRound.vhd:34' bound to instance 'round7' of component 'mainRound' [C:/Users/User/Desktop/project_A/project_A/project_A.srcs/sources_1/new/encryption.vhd:83]
INFO: [Synth 8-638] synthesizing module 'mainRound__parameterized9' [C:/Users/User/Desktop/project_A/project_A/project_A.srcs/sources_1/new/mainRound.vhd:42]
	Parameter index bound to: 639 - type: integer 
INFO: [Synth 8-3491] module 'subbyte' declared at 'C:/Users/User/Desktop/project_A/project_A/project_A.srcs/sources_1/new/subbyte.vhd:13' bound to instance 's' of component 'subbyte' [C:/Users/User/Desktop/project_A/project_A/project_A.srcs/sources_1/new/mainRound.vhd:76]
INFO: [Synth 8-3491] module 'shiftrow' declared at 'C:/Users/User/Desktop/project_A/project_A/project_A.srcs/sources_1/new/shiftrow.vhd:4' bound to instance 'r' of component 'shiftrow' [C:/Users/User/Desktop/project_A/project_A/project_A.srcs/sources_1/new/mainRound.vhd:77]
INFO: [Synth 8-3491] module 'mixcolumn' declared at 'C:/Users/User/Desktop/project_A/project_A/project_A.srcs/sources_1/new/mixcolumn.vhd:5' bound to instance 'm' of component 'mixcolumn' [C:/Users/User/Desktop/project_A/project_A/project_A.srcs/sources_1/new/mainRound.vhd:78]
	Parameter index bound to: 639 - type: integer 
INFO: [Synth 8-3491] module 'addkey' declared at 'C:/Users/User/Desktop/project_A/project_A/project_A.srcs/sources_1/new/addkey.vhd:5' bound to instance 'k' of component 'addkey' [C:/Users/User/Desktop/project_A/project_A/project_A.srcs/sources_1/new/mainRound.vhd:79]
INFO: [Synth 8-638] synthesizing module 'addkey__parameterized11' [C:/Users/User/Desktop/project_A/project_A/project_A.srcs/sources_1/new/addkey.vhd:13]
	Parameter index bound to: 639 - type: integer 
INFO: [Synth 8-256] done synthesizing module 'addkey__parameterized11' (8#1) [C:/Users/User/Desktop/project_A/project_A/project_A.srcs/sources_1/new/addkey.vhd:13]
INFO: [Synth 8-256] done synthesizing module 'mainRound__parameterized9' (8#1) [C:/Users/User/Desktop/project_A/project_A/project_A.srcs/sources_1/new/mainRound.vhd:42]
	Parameter index bound to: 511 - type: integer 
INFO: [Synth 8-3491] module 'mainRound' declared at 'C:/Users/User/Desktop/project_A/project_A/project_A.srcs/sources_1/new/mainRound.vhd:34' bound to instance 'round8' of component 'mainRound' [C:/Users/User/Desktop/project_A/project_A/project_A.srcs/sources_1/new/encryption.vhd:84]
INFO: [Synth 8-638] synthesizing module 'mainRound__parameterized11' [C:/Users/User/Desktop/project_A/project_A/project_A.srcs/sources_1/new/mainRound.vhd:42]
	Parameter index bound to: 511 - type: integer 
INFO: [Synth 8-3491] module 'subbyte' declared at 'C:/Users/User/Desktop/project_A/project_A/project_A.srcs/sources_1/new/subbyte.vhd:13' bound to instance 's' of component 'subbyte' [C:/Users/User/Desktop/project_A/project_A/project_A.srcs/sources_1/new/mainRound.vhd:76]
INFO: [Synth 8-3491] module 'shiftrow' declared at 'C:/Users/User/Desktop/project_A/project_A/project_A.srcs/sources_1/new/shiftrow.vhd:4' bound to instance 'r' of component 'shiftrow' [C:/Users/User/Desktop/project_A/project_A/project_A.srcs/sources_1/new/mainRound.vhd:77]
INFO: [Synth 8-3491] module 'mixcolumn' declared at 'C:/Users/User/Desktop/project_A/project_A/project_A.srcs/sources_1/new/mixcolumn.vhd:5' bound to instance 'm' of component 'mixcolumn' [C:/Users/User/Desktop/project_A/project_A/project_A.srcs/sources_1/new/mainRound.vhd:78]
	Parameter index bound to: 511 - type: integer 
INFO: [Synth 8-3491] module 'addkey' declared at 'C:/Users/User/Desktop/project_A/project_A/project_A.srcs/sources_1/new/addkey.vhd:5' bound to instance 'k' of component 'addkey' [C:/Users/User/Desktop/project_A/project_A/project_A.srcs/sources_1/new/mainRound.vhd:79]
INFO: [Synth 8-638] synthesizing module 'addkey__parameterized13' [C:/Users/User/Desktop/project_A/project_A/project_A.srcs/sources_1/new/addkey.vhd:13]
	Parameter index bound to: 511 - type: integer 
INFO: [Synth 8-256] done synthesizing module 'addkey__parameterized13' (8#1) [C:/Users/User/Desktop/project_A/project_A/project_A.srcs/sources_1/new/addkey.vhd:13]
INFO: [Synth 8-256] done synthesizing module 'mainRound__parameterized11' (8#1) [C:/Users/User/Desktop/project_A/project_A/project_A.srcs/sources_1/new/mainRound.vhd:42]
	Parameter index bound to: 383 - type: integer 
INFO: [Synth 8-3491] module 'mainRound' declared at 'C:/Users/User/Desktop/project_A/project_A/project_A.srcs/sources_1/new/mainRound.vhd:34' bound to instance 'round9' of component 'mainRound' [C:/Users/User/Desktop/project_A/project_A/project_A.srcs/sources_1/new/encryption.vhd:85]
INFO: [Synth 8-638] synthesizing module 'mainRound__parameterized13' [C:/Users/User/Desktop/project_A/project_A/project_A.srcs/sources_1/new/mainRound.vhd:42]
	Parameter index bound to: 383 - type: integer 
INFO: [Synth 8-3491] module 'subbyte' declared at 'C:/Users/User/Desktop/project_A/project_A/project_A.srcs/sources_1/new/subbyte.vhd:13' bound to instance 's' of component 'subbyte' [C:/Users/User/Desktop/project_A/project_A/project_A.srcs/sources_1/new/mainRound.vhd:76]
INFO: [Synth 8-3491] module 'shiftrow' declared at 'C:/Users/User/Desktop/project_A/project_A/project_A.srcs/sources_1/new/shiftrow.vhd:4' bound to instance 'r' of component 'shiftrow' [C:/Users/User/Desktop/project_A/project_A/project_A.srcs/sources_1/new/mainRound.vhd:77]
INFO: [Synth 8-3491] module 'mixcolumn' declared at 'C:/Users/User/Desktop/project_A/project_A/project_A.srcs/sources_1/new/mixcolumn.vhd:5' bound to instance 'm' of component 'mixcolumn' [C:/Users/User/Desktop/project_A/project_A/project_A.srcs/sources_1/new/mainRound.vhd:78]
	Parameter index bound to: 383 - type: integer 
INFO: [Synth 8-3491] module 'addkey' declared at 'C:/Users/User/Desktop/project_A/project_A/project_A.srcs/sources_1/new/addkey.vhd:5' bound to instance 'k' of component 'addkey' [C:/Users/User/Desktop/project_A/project_A/project_A.srcs/sources_1/new/mainRound.vhd:79]
INFO: [Synth 8-638] synthesizing module 'addkey__parameterized15' [C:/Users/User/Desktop/project_A/project_A/project_A.srcs/sources_1/new/addkey.vhd:13]
	Parameter index bound to: 383 - type: integer 
INFO: [Synth 8-256] done synthesizing module 'addkey__parameterized15' (8#1) [C:/Users/User/Desktop/project_A/project_A/project_A.srcs/sources_1/new/addkey.vhd:13]
INFO: [Synth 8-256] done synthesizing module 'mainRound__parameterized13' (8#1) [C:/Users/User/Desktop/project_A/project_A/project_A.srcs/sources_1/new/mainRound.vhd:42]
	Parameter index bound to: 255 - type: integer 
INFO: [Synth 8-3491] module 'mainRound' declared at 'C:/Users/User/Desktop/project_A/project_A/project_A.srcs/sources_1/new/mainRound.vhd:34' bound to instance 'round10' of component 'mainRound' [C:/Users/User/Desktop/project_A/project_A/project_A.srcs/sources_1/new/encryption.vhd:86]
INFO: [Synth 8-638] synthesizing module 'mainRound__parameterized15' [C:/Users/User/Desktop/project_A/project_A/project_A.srcs/sources_1/new/mainRound.vhd:42]
	Parameter index bound to: 255 - type: integer 
INFO: [Synth 8-3491] module 'subbyte' declared at 'C:/Users/User/Desktop/project_A/project_A/project_A.srcs/sources_1/new/subbyte.vhd:13' bound to instance 's' of component 'subbyte' [C:/Users/User/Desktop/project_A/project_A/project_A.srcs/sources_1/new/mainRound.vhd:76]
INFO: [Synth 8-3491] module 'shiftrow' declared at 'C:/Users/User/Desktop/project_A/project_A/project_A.srcs/sources_1/new/shiftrow.vhd:4' bound to instance 'r' of component 'shiftrow' [C:/Users/User/Desktop/project_A/project_A/project_A.srcs/sources_1/new/mainRound.vhd:77]
INFO: [Synth 8-3491] module 'mixcolumn' declared at 'C:/Users/User/Desktop/project_A/project_A/project_A.srcs/sources_1/new/mixcolumn.vhd:5' bound to instance 'm' of component 'mixcolumn' [C:/Users/User/Desktop/project_A/project_A/project_A.srcs/sources_1/new/mainRound.vhd:78]
	Parameter index bound to: 255 - type: integer 
INFO: [Synth 8-3491] module 'addkey' declared at 'C:/Users/User/Desktop/project_A/project_A/project_A.srcs/sources_1/new/addkey.vhd:5' bound to instance 'k' of component 'addkey' [C:/Users/User/Desktop/project_A/project_A/project_A.srcs/sources_1/new/mainRound.vhd:79]
INFO: [Synth 8-638] synthesizing module 'addkey__parameterized17' [C:/Users/User/Desktop/project_A/project_A/project_A.srcs/sources_1/new/addkey.vhd:13]
	Parameter index bound to: 255 - type: integer 
INFO: [Synth 8-256] done synthesizing module 'addkey__parameterized17' (8#1) [C:/Users/User/Desktop/project_A/project_A/project_A.srcs/sources_1/new/addkey.vhd:13]
INFO: [Synth 8-256] done synthesizing module 'mainRound__parameterized15' (8#1) [C:/Users/User/Desktop/project_A/project_A/project_A.srcs/sources_1/new/mainRound.vhd:42]
INFO: [Synth 8-3491] module 'finalRound' declared at 'C:/Users/User/Desktop/project_A/project_A/project_A.srcs/sources_1/new/finalRound.vhd:34' bound to instance 'round11' of component 'finalRound' [C:/Users/User/Desktop/project_A/project_A/project_A.srcs/sources_1/new/encryption.vhd:87]
INFO: [Synth 8-638] synthesizing module 'finalRound' [C:/Users/User/Desktop/project_A/project_A/project_A.srcs/sources_1/new/finalRound.vhd:39]
INFO: [Synth 8-3491] module 'subbyte' declared at 'C:/Users/User/Desktop/project_A/project_A/project_A.srcs/sources_1/new/subbyte.vhd:13' bound to instance 's' of component 'subbyte' [C:/Users/User/Desktop/project_A/project_A/project_A.srcs/sources_1/new/finalRound.vhd:67]
INFO: [Synth 8-3491] module 'shiftrow' declared at 'C:/Users/User/Desktop/project_A/project_A/project_A.srcs/sources_1/new/shiftrow.vhd:4' bound to instance 'r' of component 'shiftrow' [C:/Users/User/Desktop/project_A/project_A/project_A.srcs/sources_1/new/finalRound.vhd:68]
	Parameter index bound to: 127 - type: integer 
INFO: [Synth 8-3491] module 'addkey' declared at 'C:/Users/User/Desktop/project_A/project_A/project_A.srcs/sources_1/new/addkey.vhd:5' bound to instance 'k' of component 'addkey' [C:/Users/User/Desktop/project_A/project_A/project_A.srcs/sources_1/new/finalRound.vhd:69]
INFO: [Synth 8-638] synthesizing module 'addkey__parameterized19' [C:/Users/User/Desktop/project_A/project_A/project_A.srcs/sources_1/new/addkey.vhd:13]
	Parameter index bound to: 127 - type: integer 
INFO: [Synth 8-256] done synthesizing module 'addkey__parameterized19' (8#1) [C:/Users/User/Desktop/project_A/project_A/project_A.srcs/sources_1/new/addkey.vhd:13]
INFO: [Synth 8-256] done synthesizing module 'finalRound' (9#1) [C:/Users/User/Desktop/project_A/project_A/project_A.srcs/sources_1/new/finalRound.vhd:39]
INFO: [Synth 8-256] done synthesizing module 'encryption' (10#1) [C:/Users/User/Desktop/project_A/project_A/project_A.srcs/sources_1/new/encryption.vhd:40]
	Parameter BAUD_RATE bound to: 10416 - type: integer 
INFO: [Synth 8-3491] module 'UART_TX3' declared at 'C:/Users/User/Desktop/project_A/project_A/project_A.srcs/sources_1/new/UART_TX3.vhd:23' bound to instance 'transmission' of component 'UART_TX3' [C:/Users/User/Desktop/project_A/project_A/project_A.srcs/sources_1/new/TOP.vhd:85]
INFO: [Synth 8-638] synthesizing module 'UART_TX3' [C:/Users/User/Desktop/project_A/project_A/project_A.srcs/sources_1/new/UART_TX3.vhd:37]
	Parameter BAUD_RATE bound to: 10416 - type: integer 
INFO: [Synth 8-226] default block is never used [C:/Users/User/Desktop/project_A/project_A/project_A.srcs/sources_1/new/UART_TX3.vhd:59]
INFO: [Synth 8-256] done synthesizing module 'UART_TX3' (11#1) [C:/Users/User/Desktop/project_A/project_A/project_A.srcs/sources_1/new/UART_TX3.vhd:37]
INFO: [Synth 8-256] done synthesizing module 'TOP' (12#1) [C:/Users/User/Desktop/project_A/project_A/project_A.srcs/sources_1/new/TOP.vhd:33]
---------------------------------------------------------------------------------
Finished RTL Elaboration : Time (s): cpu = 00:00:04 ; elapsed = 00:00:07 . Memory (MB): peak = 2909.938 ; gain = 308.965
---------------------------------------------------------------------------------
---------------------------------------------------------------------------------
Start Handling Custom Attributes
---------------------------------------------------------------------------------
---------------------------------------------------------------------------------
Finished Handling Custom Attributes : Time (s): cpu = 00:00:04 ; elapsed = 00:00:08 . Memory (MB): peak = 2927.867 ; gain = 326.895
---------------------------------------------------------------------------------
---------------------------------------------------------------------------------
Finished RTL Optimization Phase 1 : Time (s): cpu = 00:00:04 ; elapsed = 00:00:08 . Memory (MB): peak = 2927.867 ; gain = 326.895
---------------------------------------------------------------------------------
Netlist sorting complete. Time (s): cpu = 00:00:01 ; elapsed = 00:00:00.208 . Memory (MB): peak = 2927.867 ; gain = 0.000
INFO: [Project 1-570] Preparing netlist for logic optimization

Processing XDC Constraints
Initializing timing engine
Parsing XDC File [C:/Users/User/Desktop/project_A/project_A/project_A.srcs/constrs_1/new/BoardA.xdc]
CRITICAL WARNING: [Designutils 20-1307] Command 'LEDs' is not supported in the xdc constraint file. [C:/Users/User/Desktop/project_A/project_A/project_A.srcs/constrs_1/new/BoardA.xdc:46]
Finished Parsing XDC File [C:/Users/User/Desktop/project_A/project_A/project_A.srcs/constrs_1/new/BoardA.xdc]
Completed Processing XDC Constraints

INFO: [Opt 31-138] Pushed 0 inverter(s) to 0 load pin(s).
Netlist sorting complete. Time (s): cpu = 00:00:00 ; elapsed = 00:00:00.001 . Memory (MB): peak = 3032.918 ; gain = 0.000
INFO: [Project 1-111] Unisim Transformation Summary:
No Unisim elements were transformed.

RTL Elaboration Complete:  : Time (s): cpu = 00:00:09 ; elapsed = 00:00:13 . Memory (MB): peak = 3032.918 ; gain = 431.945
136 Infos, 34 Warnings, 1 Critical Warnings and 0 Errors encountered.
synth_design completed successfully
synth_design: Time (s): cpu = 00:00:15 ; elapsed = 00:00:28 . Memory (MB): peak = 3032.918 ; gain = 681.629
open_run synth_1 -name synth_1
Design is defaulting to impl run constrset: constrs_1
Design is defaulting to synth run part: xc7a35tcpg236-1
Netlist sorting complete. Time (s): cpu = 00:00:00 ; elapsed = 00:00:00.222 . Memory (MB): peak = 3037.973 ; gain = 0.000
INFO: [Netlist 29-17] Analyzing 2245 Unisim elements for replacement
INFO: [Netlist 29-28] Unisim Transformation completed in 0 CPU seconds
INFO: [Project 1-479] Netlist was created with Vivado 2020.1
INFO: [Project 1-570] Preparing netlist for logic optimization
Parsing XDC File [C:/Users/User/Desktop/project_A/project_A/project_A.srcs/constrs_1/new/BoardA.xdc]
CRITICAL WARNING: [Designutils 20-1307] Command 'LEDs' is not supported in the xdc constraint file. [C:/Users/User/Desktop/project_A/project_A/project_A.srcs/constrs_1/new/BoardA.xdc:46]
Finished Parsing XDC File [C:/Users/User/Desktop/project_A/project_A/project_A.srcs/constrs_1/new/BoardA.xdc]
INFO: [Opt 31-138] Pushed 0 inverter(s) to 0 load pin(s).
Netlist sorting complete. Time (s): cpu = 00:00:00 ; elapsed = 00:00:00.005 . Memory (MB): peak = 3094.078 ; gain = 0.000
INFO: [Project 1-111] Unisim Transformation Summary:
No Unisim elements were transformed.

open_run: Time (s): cpu = 00:00:05 ; elapsed = 00:00:05 . Memory (MB): peak = 3178.336 ; gain = 145.418
report_timing_summary -delay_type min_max -report_unconstrained -check_timing_verbose -max_paths 10 -input_pins -routable_nets -name timing_1
INFO: [Timing 38-35] Done setting XDC timing constraints.
INFO: [Timing 38-91] UpdateTimingParams: Speed grade: -1, Delay Type: min_max.
INFO: [Timing 38-191] Multithreading enabled for timing update using a maximum of 2 CPUs
